<?xml version="1.0" encoding="UTF-8" ?>
<testsuite tests="1" failures="0" name="com.niit.scartbackend.SupplierTestCase" time="0.15" errors="1" skipped="0">
  <properties>
[...]
</properties>
  <testcase classname="com.niit.scartbackend.SupplierTestCase" name="saveTestCase" time="0.15">
    <error message="could not execute statement; SQL [n/a]; constraint [&quot;PRIMARY_KEY_C ON PUBLIC.SUPPLIER(ID) VALUES ( /* 2 */ &apos;mukesh&apos; )&quot;; SQL statement:
insert into supplier (address, name, id) values (?, ?, ?) [23505-193]]; nested exception is org.hibernate.exception.ConstraintViolationException: could not execute statement" type="org.springframework.dao.DataIntegrityViolationException">org.springframework.dao.DataIntegrityViolationException: could not execute statement; SQL [n/a]; constraint [&quot;PRIMARY_KEY_C ON PUBLIC.SUPPLIER(ID) VALUES ( /* 2 */ &apos;mukesh&apos; )&quot;; SQL statement:
insert into supplier (address, name, id) values (?, ?, ?) [23505-193]]; nested exception is org.hibernate.exception.ConstraintViolationException: could not execute statement
	at org.springframework.orm.hibernate5.SessionFactoryUtils.convertHibernateAccessException(SessionFactoryUtils.java:241)
	at org.springframework.orm.hibernate5.HibernateTransactionManager.convertHibernateAccessException(HibernateTransactionManager.java:755)
	at org.springframework.orm.hibernate5.HibernateTransactionManager.doCommit(HibernateTransactionManager.java:594)
	at org.springframework.transaction.support.AbstractPlatformTransactionManager.processCommit(AbstractPlatformTransactionManager.java:761)
	at org.springframework.transaction.support.AbstractPlatformTransactionManager.commit(AbstractPlatformTransactionManager.java:730)
	at org.springframework.transaction.interceptor.TransactionAspectSupport.commitTransactionAfterReturning(TransactionAspectSupport.java:504)
	at org.springframework.transaction.interceptor.TransactionAspectSupport.invokeWithinTransaction(TransactionAspectSupport.java:292)
	at org.springframework.transaction.interceptor.TransactionInterceptor.invoke(TransactionInterceptor.java:96)
	at org.springframework.aop.framework.ReflectiveMethodInvocation.proceed(ReflectiveMethodInvocation.java:179)
	at org.springframework.aop.framework.JdkDynamicAopProxy.invoke(JdkDynamicAopProxy.java:213)
	at com.sun.proxy.$Proxy32.save(Unknown Source)
	at com.niit.scartbackend.SupplierTestCase.saveTestCase(SupplierTestCase.java:44)
	at sun.reflect.NativeMethodAccessorImpl.invoke0(Native Method)
	at sun.reflect.NativeMethodAccessorImpl.invoke(NativeMethodAccessorImpl.java:62)
	at sun.reflect.DelegatingMethodAccessorImpl.invoke(DelegatingMethodAccessorImpl.java:43)
	at java.lang.reflect.Method.invoke(Method.java:498)
	at org.junit.runners.model.FrameworkMethod$1.runReflectiveCall(FrameworkMethod.java:50)
	at org.junit.internal.runners.model.ReflectiveCallable.run(ReflectiveCallable.java:12)
	at org.junit.runners.model.FrameworkMethod.invokeExplosively(FrameworkMethod.java:47)
	at org.junit.internal.runners.statements.InvokeMethod.evaluate(InvokeMethod.java:17)
	at org.junit.runners.ParentRunner.runLeaf(ParentRunner.java:325)
	at org.junit.runners.BlockJUnit4ClassRunner.runChild(BlockJUnit4ClassRunner.java:78)
	at org.junit.runners.BlockJUnit4ClassRunner.runChild(BlockJUnit4ClassRunner.java:57)
	at org.junit.runners.ParentRunner$3.run(ParentRunner.java:290)
	at org.junit.runners.ParentRunner$1.schedule(ParentRunner.java:71)
	at org.junit.runners.ParentRunner.runChildren(ParentRunner.java:288)
	at org.junit.runners.ParentRunner.access$000(ParentRunner.java:58)
	at org.junit.runners.ParentRunner$2.evaluate(ParentRunner.java:268)
	at org.junit.internal.runners.statements.RunBefores.evaluate(RunBefores.java:26)
	at org.junit.runners.ParentRunner.run(ParentRunner.java:363)
	at org.apache.maven.surefire.junit4.JUnit4Provider.execute(JUnit4Provider.java:252)
	at org.apache.maven.surefire.junit4.JUnit4Provider.executeTestSet(JUnit4Provider.java:141)
	at org.apache.maven.surefire.junit4.JUnit4Provider.invoke(JUnit4Provider.java:112)
	at sun.reflect.NativeMethodAccessorImpl.invoke0(Native Method)
	at sun.reflect.NativeMethodAccessorImpl.invoke(NativeMethodAccessorImpl.java:62)
	at sun.reflect.DelegatingMethodAccessorImpl.invoke(DelegatingMethodAccessorImpl.java:43)
	at java.lang.reflect.Method.invoke(Method.java:498)
	at org.apache.maven.surefire.util.ReflectionUtils.invokeMethodWithArray(ReflectionUtils.java:189)
	at org.apache.maven.surefire.booter.ProviderFactory$ProviderProxy.invoke(ProviderFactory.java:165)
	at org.apache.maven.surefire.booter.ProviderFactory.invokeProvider(ProviderFactory.java:85)
	at org.apache.maven.surefire.booter.ForkedBooter.runSuitesInProcess(ForkedBooter.java:115)
	at org.apache.maven.surefire.booter.ForkedBooter.main(ForkedBooter.java:75)
Caused by: org.hibernate.exception.ConstraintViolationException: could not execute statement
	at org.hibernate.exception.internal.SQLStateConversionDelegate.convert(SQLStateConversionDelegate.java:112)
	at org.hibernate.exception.internal.StandardSQLExceptionConverter.convert(StandardSQLExceptionConverter.java:42)
	at org.hibernate.engine.jdbc.spi.SqlExceptionHelper.convert(SqlExceptionHelper.java:111)
	at org.hibernate.engine.jdbc.spi.SqlExceptionHelper.convert(SqlExceptionHelper.java:97)
	at org.hibernate.engine.jdbc.internal.ResultSetReturnImpl.executeUpdate(ResultSetReturnImpl.java:207)
	at org.hibernate.engine.jdbc.batch.internal.NonBatchingBatch.addToBatch(NonBatchingBatch.java:45)
	at org.hibernate.persister.entity.AbstractEntityPersister.insert(AbstractEntityPersister.java:2949)
	at org.hibernate.persister.entity.AbstractEntityPersister.insert(AbstractEntityPersister.java:3449)
	at org.hibernate.action.internal.EntityInsertAction.execute(EntityInsertAction.java:89)
	at org.hibernate.engine.spi.ActionQueue.executeActions(ActionQueue.java:586)
	at org.hibernate.engine.spi.ActionQueue.executeActions(ActionQueue.java:460)
	at org.hibernate.event.internal.AbstractFlushingEventListener.performExecutions(AbstractFlushingEventListener.java:337)
	at org.hibernate.event.internal.DefaultFlushEventListener.onFlush(DefaultFlushEventListener.java:39)
	at org.hibernate.internal.SessionImpl.doFlush(SessionImpl.java:1420)
	at org.hibernate.internal.SessionImpl.managedFlush(SessionImpl.java:476)
	at org.hibernate.internal.SessionImpl.flushBeforeTransactionCompletion(SessionImpl.java:3179)
	at org.hibernate.internal.SessionImpl.beforeTransactionCompletion(SessionImpl.java:2393)
	at org.hibernate.engine.jdbc.internal.JdbcCoordinatorImpl.beforeTransactionCompletion(JdbcCoordinatorImpl.java:467)
	at org.hibernate.resource.transaction.backend.jdbc.internal.JdbcResourceLocalTransactionCoordinatorImpl.beforeCompletionCallback(JdbcResourceLocalTransactionCoordinatorImpl.java:146)
	at org.hibernate.resource.transaction.backend.jdbc.internal.JdbcResourceLocalTransactionCoordinatorImpl.access$100(JdbcResourceLocalTransactionCoordinatorImpl.java:38)
	at org.hibernate.resource.transaction.backend.jdbc.internal.JdbcResourceLocalTransactionCoordinatorImpl$TransactionDriverControlImpl.commit(JdbcResourceLocalTransactionCoordinatorImpl.java:220)
	at org.hibernate.engine.transaction.internal.TransactionImpl.commit(TransactionImpl.java:68)
	at org.springframework.orm.hibernate5.HibernateTransactionManager.doCommit(HibernateTransactionManager.java:582)
	... 39 more
Caused by: org.h2.jdbc.JdbcSQLException: Unique index or primary key violation: &quot;PRIMARY_KEY_C ON PUBLIC.SUPPLIER(ID) VALUES ( /* 2 */ &apos;mukesh&apos; )&quot;; SQL statement:
insert into supplier (address, name, id) values (?, ?, ?) [23505-176]
	at org.h2.message.DbException.getJdbcSQLException(DbException.java:344)
	at org.h2.message.DbException.get(DbException.java:178)
	at org.h2.message.DbException.get(DbException.java:154)
	at org.h2.index.BaseIndex.getDuplicateKeyException(BaseIndex.java:103)
	at org.h2.index.PageBtree.find(PageBtree.java:121)
	at org.h2.index.PageBtreeLeaf.addRow(PageBtreeLeaf.java:151)
	at org.h2.index.PageBtreeLeaf.addRowTry(PageBtreeLeaf.java:104)
	at org.h2.index.PageBtreeIndex.addRow(PageBtreeIndex.java:97)
	at org.h2.index.PageBtreeIndex.add(PageBtreeIndex.java:88)
	at org.h2.table.RegularTable.addRow(RegularTable.java:120)
	at org.h2.command.dml.Insert.insertRows(Insert.java:157)
	at org.h2.command.dml.Insert.update(Insert.java:115)
	at org.h2.command.CommandContainer.update(CommandContainer.java:79)
	at org.h2.command.Command.executeUpdate(Command.java:254)
	at org.h2.server.TcpServerThread.process(TcpServerThread.java:346)
	at org.h2.server.TcpServerThread.run(TcpServerThread.java:160)
	at java.lang.Thread.run(Unknown Source)

	at org.h2.engine.SessionRemote.done(SessionRemote.java:624)
	at org.h2.command.CommandRemote.executeUpdate(CommandRemote.java:191)
	at org.h2.jdbc.JdbcPreparedStatement.executeUpdateInternal(JdbcPreparedStatement.java:160)
	at org.h2.jdbc.JdbcPreparedStatement.executeUpdate(JdbcPreparedStatement.java:146)
	at org.hibernate.engine.jdbc.internal.ResultSetReturnImpl.executeUpdate(ResultSetReturnImpl.java:204)
	... 57 more
</error>
    <system-out>Database is connected.....!
Hibernate Properties
Session is crated......!
Transaction
save method is executed in supplier
Hibernate: insert into supplier (address, name, id) values (?, ?, ?)
</system-out>
    <system-err>Jan 10, 2017 4:34:56 PM org.springframework.context.annotation.AnnotationConfigApplicationContext prepareRefresh
INFO: Refreshing org.springframework.context.annotation.AnnotationConfigApplicationContext@720653c2: startup date [Tue Jan 10 16:34:56 IST 2017]; root of context hierarchy
Jan 10, 2017 4:34:56 PM org.springframework.beans.factory.annotation.AutowiredAnnotationBeanPostProcessor &lt;init&gt;
INFO: JSR-330 &apos;javax.inject.Inject&apos; annotation found and supported for autowiring
Jan 10, 2017 4:34:56 PM org.springframework.jdbc.datasource.DriverManagerDataSource setDriverClassName
INFO: Loaded JDBC driver: org.h2.Driver
Jan 10, 2017 4:34:57 PM org.hibernate.dialect.Dialect &lt;init&gt;
INFO: HHH000400: Using dialect: org.hibernate.dialect.H2Dialect
Jan 10, 2017 4:34:57 PM org.springframework.orm.hibernate5.HibernateTransactionManager afterPropertiesSet
INFO: Using DataSource [org.springframework.jdbc.datasource.DriverManagerDataSource@5d58c727] of Hibernate SessionFactory for HibernateTransactionManager
Jan 10, 2017 4:34:57 PM org.hibernate.engine.jdbc.spi.SqlExceptionHelper logExceptions
WARN: SQL Error: 23505, SQLState: 23505
Jan 10, 2017 4:34:57 PM org.hibernate.engine.jdbc.spi.SqlExceptionHelper logExceptions
ERROR: Unique index or primary key violation: &quot;PRIMARY_KEY_C ON PUBLIC.SUPPLIER(ID) VALUES ( /* 2 */ &apos;mukesh&apos; )&quot;; SQL statement:
insert into supplier (address, name, id) values (?, ?, ?) [23505-193]
Jan 10, 2017 4:34:57 PM org.hibernate.engine.jdbc.batch.internal.AbstractBatchImpl release
INFO: HHH000010: On release of batch it still contained JDBC statements
Jan 10, 2017 4:34:57 PM org.hibernate.internal.ExceptionMapperStandardImpl mapManagedFlushFailure
ERROR: HHH000346: Error during managed flush [org.hibernate.exception.ConstraintViolationException: could not execute statement]
</system-err>
  </testcase>
</testsuite>